<?xml version="1.0" encoding="UTF-8"?>
<!-- Generated by org.testng.reporters.JUnitXMLReporter -->
<testsuite hostname="DESKTOP-4VPCJRR" ignored="0" name="mainpage_tests" tests="27" failures="0" timestamp="2020-05-11T21:52:44 CEST" time="7.706" errors="0">
  <testcase name="anchor_link_with_correct_email" time="0.066" classname="UITests.MainPageTest"/>
  <testcase name="anchor_link_with_correct_email" time="0.03" classname="UITests.MainPageTest"/>
  <testcase name="anchor_link_with_correct_email" time="0.069" classname="UITests.MainPageTest"/>
  <testcase name="search_engine_founds_customer_case_sensitive" time="0.54" classname="UITests.MainPageTest"/>
  <testcase name="search_engine_founds_customer_case_sensitive" time="0.35" classname="UITests.MainPageTest"/>
  <testcase name="search_engine_founds_customer_case_sensitive" time="0.333" classname="UITests.MainPageTest"/>
  <testcase name="search_engine_founds_customer_case_sensitive" time="0.408" classname="UITests.MainPageTest"/>
  <testcase name="search_engine_founds_customer_case_sensitive" time="0.323" classname="UITests.MainPageTest"/>
  <testcase name="search_engine_founds_customer_case_sensitive" time="0.333" classname="UITests.MainPageTest"/>
  <testcase name="search_engine_founds_customer_case_sensitive" time="0.384" classname="UITests.MainPageTest"/>
  <testcase name="search_engine_founds_customer_case_sensitive" time="0.348" classname="UITests.MainPageTest"/>
  <testcase name="search_engine_founds_customer_case_sensitive" time="0.333" classname="UITests.MainPageTest"/>
  <testcase name="search_engine_founds_customer_case_sensitive" time="0.402" classname="UITests.MainPageTest"/>
  <testcase name="search_engine_founds_customer_case_sensitive" time="0.391" classname="UITests.MainPageTest"/>
  <testcase name="search_engine_founds_customer_case_sensitive" time="0.378" classname="UITests.MainPageTest"/>
  <testcase name="search_engine_founds_customer_not_case_sensitive" time="0.217" classname="UITests.MainPageTest"/>
  <testcase name="search_engine_founds_customer_not_case_sensitive" time="0.208" classname="UITests.MainPageTest"/>
  <testcase name="search_engine_founds_customer_not_case_sensitive" time="0.187" classname="UITests.MainPageTest"/>
  <testcase name="search_engine_founds_customer_not_case_sensitive" time="0.277" classname="UITests.MainPageTest"/>
  <testcase name="search_engine_founds_customer_not_case_sensitive" time="0.237" classname="UITests.MainPageTest"/>
  <testcase name="search_engine_founds_customer_not_case_sensitive" time="0.232" classname="UITests.MainPageTest"/>
  <testcase name="search_engine_founds_customer_not_case_sensitive" time="0.232" classname="UITests.MainPageTest"/>
  <testcase name="search_engine_founds_customer_not_case_sensitive" time="0.229" classname="UITests.MainPageTest"/>
  <testcase name="search_engine_founds_customer_not_case_sensitive" time="0.247" classname="UITests.MainPageTest"/>
  <testcase name="search_engine_founds_customer_not_case_sensitive" time="0.262" classname="UITests.MainPageTest"/>
  <testcase name="search_engine_founds_customer_not_case_sensitive" time="0.233" classname="UITests.MainPageTest"/>
  <testcase name="search_engine_founds_customer_not_case_sensitive" time="0.252" classname="UITests.MainPageTest"/>
</testsuite> <!-- mainpage_tests -->
