<?xml version="1.0" encoding="UTF-8" ?>
<testsuite tests="27" failures="0" name="TestSuite" time="7.444" errors="0" skipped="0">
  <properties>
[...]
</properties>
  <testcase classname="UITests.MainPageTest" name="anchor_link_with_correct_email" time="0.031"/>
  <testcase classname="UITests.MainPageTest" name="anchor_link_with_correct_email" time="0.029"/>
  <testcase classname="UITests.MainPageTest" name="anchor_link_with_correct_email" time="0.067"/>
  <testcase classname="UITests.MainPageTest" name="search_engine_founds_customer_case_sensitive" time="0.531"/>
  <testcase classname="UITests.MainPageTest" name="search_engine_founds_customer_case_sensitive" time="0.35"/>
  <testcase classname="UITests.MainPageTest" name="search_engine_founds_customer_case_sensitive" time="0.332"/>
  <testcase classname="UITests.MainPageTest" name="search_engine_founds_customer_case_sensitive" time="0.409"/>
  <testcase classname="UITests.MainPageTest" name="search_engine_founds_customer_case_sensitive" time="0.322"/>
  <testcase classname="UITests.MainPageTest" name="search_engine_founds_customer_case_sensitive" time="0.332"/>
  <testcase classname="UITests.MainPageTest" name="search_engine_founds_customer_case_sensitive" time="0.383"/>
  <testcase classname="UITests.MainPageTest" name="search_engine_founds_customer_case_sensitive" time="0.348"/>
  <testcase classname="UITests.MainPageTest" name="search_engine_founds_customer_case_sensitive" time="0.332"/>
  <testcase classname="UITests.MainPageTest" name="search_engine_founds_customer_case_sensitive" time="0.401"/>
  <testcase classname="UITests.MainPageTest" name="search_engine_founds_customer_case_sensitive" time="0.391"/>
  <testcase classname="UITests.MainPageTest" name="search_engine_founds_customer_case_sensitive" time="0.377"/>
  <testcase classname="UITests.MainPageTest" name="search_engine_founds_customer_not_case_sensitive" time="0.217"/>
  <testcase classname="UITests.MainPageTest" name="search_engine_founds_customer_not_case_sensitive" time="0.208"/>
  <testcase classname="UITests.MainPageTest" name="search_engine_founds_customer_not_case_sensitive" time="0.186"/>
  <testcase classname="UITests.MainPageTest" name="search_engine_founds_customer_not_case_sensitive" time="0.276"/>
  <testcase classname="UITests.MainPageTest" name="search_engine_founds_customer_not_case_sensitive" time="0.235"/>
  <testcase classname="UITests.MainPageTest" name="search_engine_founds_customer_not_case_sensitive" time="0.232"/>
  <testcase classname="UITests.MainPageTest" name="search_engine_founds_customer_not_case_sensitive" time="0.231"/>
  <testcase classname="UITests.MainPageTest" name="search_engine_founds_customer_not_case_sensitive" time="0.229"/>
  <testcase classname="UITests.MainPageTest" name="search_engine_founds_customer_not_case_sensitive" time="0.247"/>
  <testcase classname="UITests.MainPageTest" name="search_engine_founds_customer_not_case_sensitive" time="0.262"/>
  <testcase classname="UITests.MainPageTest" name="search_engine_founds_customer_not_case_sensitive" time="0.234"/>
  <testcase classname="UITests.MainPageTest" name="search_engine_founds_customer_not_case_sensitive" time="0.252"/>
</testsuite>